\BOOKMARK [1][-]{section.1}{O projekcie}{}% 1
\BOOKMARK [2][-]{subsection.1.1}{Zesp\363\233}{section.1}% 2
\BOOKMARK [2][-]{subsection.1.2}{Temat}{section.1}% 3
\BOOKMARK [1][-]{section.2}{Projekt}{}% 4
\BOOKMARK [2][-]{subsection.2.1}{Plany i pomys\233y}{section.2}% 5
\BOOKMARK [2][-]{subsection.2.2}{UI/UX}{section.2}% 6
\BOOKMARK [3][-]{subsubsection.2.2.1}{Zawartosc}{subsection.2.2}% 7
\BOOKMARK [3][-]{subsubsection.2.2.2}{Projekty UI}{subsection.2.2}% 8
\BOOKMARK [1][-]{section.3}{Teoria}{}% 9
\BOOKMARK [2][-]{subsection.3.1}{Losowosc}{section.3}% 10
\BOOKMARK [2][-]{subsection.3.2}{Algorytmy}{section.3}% 11
\BOOKMARK [3][-]{subsubsection.3.2.1}{Szum Perlina}{subsection.3.2}% 12
\BOOKMARK [1][-]{section.4}{Narzedzia}{}% 13
\BOOKMARK [2][-]{subsection.4.1}{Kontrola wersji}{section.4}% 14
\BOOKMARK [2][-]{subsection.4.2}{Zarzadzanie zespo\233em}{section.4}% 15
\BOOKMARK [2][-]{subsection.4.3}{Srodowisko}{section.4}% 16
\BOOKMARK [1][-]{section.5}{Aplikacja}{}% 17
\BOOKMARK [2][-]{subsection.5.1}{Architektura}{section.5}% 18
\BOOKMARK [2][-]{subsection.5.2}{Struktury danych}{section.5}% 19
\BOOKMARK [2][-]{subsection.5.3}{Schemat graficzny struktury systemu}{section.5}% 20
\BOOKMARK [2][-]{subsection.5.4}{Komunikacja miedzy modu\233ami}{section.5}% 21
\BOOKMARK [1][-]{section.6}{API}{}% 22
\BOOKMARK [2][-]{subsection.6.1}{Perlin}{section.6}% 23
